<?xml version="1.0" encoding="UTF-8"?>
<!-- Generated by org.testng.reporters.JUnitReportReporter -->
<testsuite skipped="0" hostname="DESKTOP-88PECDP" name="testCase.TC001_nCino" tests="1" failures="0" timestamp="2022-10-05T03:12:06 IST" time="4.116" errors="0">
  <testcase name="adding_item" time="4.116" classname="testCase.TC001_nCino"/>
  <system-out/>
</testsuite> <!-- testCase.TC001_nCino -->
